<?xml version="1.0" encoding="UTF-8"?>
<!-- Generated by org.testng.reporters.JUnitReportReporter -->
<testsuite hostname="SIDHAR" failures="0" tests="1" name="TestRunner.TestRun" time="62.512" errors="0" timestamp="2023-04-24T19:39:12 IST" skipped="0">
  <testcase classname="TestRunner.TestRun" name="runScenario" time="62.512"/>
  <system-out/>
</testsuite> <!-- TestRunner.TestRun -->
